<?xml version="1.0" encoding="UTF-8"?>
<testsuites name="Login Test Suite" time="6.299" tests="5" failures="0" errors="0">
   <testsuite name="Login Test Suite" tests="5" failures="0" errors="0" time="6.299" skipped="0" timestamp="23-02-2025T22:58:59" hostname="herdi - Alief" id="Test Suites/Login Test Suite">
      <properties>
         <property name="deviceName" value=""/>
         <property name="devicePlatform"/>
         <property name="logFolder" value="D:\\Katalon Project\\Git\\KATALON-BOOKCART\\Reports\\20250223_225847\\Login Test Suite\\20250223_225848"/>
         <property name="logFiles" value="D:\\Katalon Project\\Git\\KATALON-BOOKCART\\Reports\\20250223_225847\\Login Test Suite\\20250223_225848\\execution0.log"/>
         <property name="attachments" value=""/>
         <property name="hostName" value="herdi - Alief"/>
         <property name="os" value="Windows 11 64bit"/>
         <property name="katalonVersion" value="10.1.0.223"/>
         <property name="browser" value="Chrome 133.0.6943.127"/>
         <property name="hostAddress" value="192.168.18.82"/>
         <property name="sessionId" value="2b2a779b77a1d0de8c7e67cb894de057"/>
         <property name="seleniumVersion" value="4.22.0"/>
         <property name="proxyInformation" value="ProxyInformation { proxyOption=NO_PROXY, proxyServerType=HTTP, username=, password=********, proxyServerAddress=, proxyServerPort=0, executionList=&quot;&quot;, isApplyToDesiredCapabilities=true }"/>
         <property name="platform" value="Windows 11"/>
      </properties>
      <testcase name="Test Cases/Blocks/Browser/Open Browser" time="1.562" classname="Test Cases/Blocks/Browser/Open Browser" status="PASSED">
         <system-out><![CDATA[23-02-2025T22:58:59 - [TEST_CASE][PASSED] - Test Cases/Blocks/Browser/Open Browser: Test Cases/Blocks/Browser/Open Browser

23-02-2025T22:58:59 - [TEST_STEP][PASSED] - openBrowser(""): Browser is opened with url: ''

23-02-2025T22:58:59 - [MESSAGE][INFO] - Starting 'Chrome' driver

23-02-2025T22:58:59 - [MESSAGE][INFO] - Action delay is set to 0 milliseconds

23-02-2025T22:59:00 - [MESSAGE][PASSED] - Browser is opened with url: '']]></system-out>
         <system-err><![CDATA[]]></system-err>
      </testcase>
      <testcase name="Test Cases/Blocks/Browser/Maximize Window" time="0.088" classname="Test Cases/Blocks/Browser/Maximize Window" status="PASSED">
         <system-out><![CDATA[23-02-2025T22:59:00 - [TEST_CASE][PASSED] - Test Cases/Blocks/Browser/Maximize Window: Test Cases/Blocks/Browser/Maximize Window

23-02-2025T22:59:00 - [TEST_STEP][PASSED] - maximizeWindow(): Current window maximized

23-02-2025T22:59:00 - [MESSAGE][PASSED] - Current window maximized]]></system-out>
         <system-err><![CDATA[]]></system-err>
      </testcase>
      <testcase name="Test Cases/Blocks/Browser/Navigate to URL" time="1.18" classname="Test Cases/Blocks/Browser/Navigate to URL" status="PASSED">
         <system-out><![CDATA[23-02-2025T22:59:00 - [TEST_CASE][PASSED] - Test Cases/Blocks/Browser/Navigate to URL: Test Cases/Blocks/Browser/Navigate to URL

23-02-2025T22:59:01 - [TEST_STEP][PASSED] - navigateToUrl(URL): Navigate to 'https://bookcart.azurewebsites.net/' successfully

23-02-2025T22:59:02 - [MESSAGE][PASSED] - Navigate to 'https://bookcart.azurewebsites.net/' successfully]]></system-out>
         <system-err><![CDATA[]]></system-err>
      </testcase>
      <testcase name="Test Cases/Blocks/Account/Success Login" time="3.163" classname="Test Cases/Blocks/Account/Success Login" status="PASSED">
         <properties>
            <property name="data_binding"><![CDATA[{"(Default) usern...":"ableh1","(Default) passw...":"TCdEHGtpZOAOScmyNwFgOw\u003d\u003d"}]]></property>
         </properties>
         <system-out><![CDATA[23-02-2025T22:59:02 - [TEST_CASE][PASSED] - Test Cases/Blocks/Account/Success Login: Test Cases/Blocks/Account/Success Login

23-02-2025T22:59:02 - [TEST_STEP][PASSED] - click(findTestObject("Header/span_Login")): Object: 'Object Repository/Header/span_Login' is clicked on

23-02-2025T22:59:03 - [MESSAGE][PASSED] - Object: 'Object Repository/Header/span_Login' is clicked on

23-02-2025T22:59:03 - [TEST_STEP][PASSED] - waitForElementPresent(findTestObject("Login Page/mat-card-title_Login"), 0): Object 'Object Repository/Login Page/mat-card-title_Login' is present

23-02-2025T22:59:03 - [MESSAGE][WARNING] - Timeout '0' is invalid. Using default page load timeout: '30'

23-02-2025T22:59:04 - [MESSAGE][PASSED] - Object 'Object Repository/Login Page/mat-card-title_Login' is present

23-02-2025T22:59:04 - [TEST_STEP][PASSED] - setText(findTestObject("Login Page/input_Username"), username): Text 'ableh1' is set on object 'Object Repository/Login Page/input_Username'

23-02-2025T22:59:04 - [MESSAGE][PASSED] - Text 'ableh1' is set on object 'Object Repository/Login Page/input_Username'

23-02-2025T22:59:04 - [TEST_STEP][PASSED] - setEncryptedText(findTestObject("Login Page/input_Password"), password): Text ****** has been set on object 'Object Repository/Login Page/input_Password'

23-02-2025T22:59:04 - [MESSAGE][PASSED] - Text ****** has been set on object 'Object Repository/Login Page/input_Password'

23-02-2025T22:59:04 - [TEST_STEP][PASSED] - click(findTestObject("Login Page/span_Login")): Object: 'Object Repository/Login Page/span_Login' is clicked on

23-02-2025T22:59:05 - [MESSAGE][PASSED] - Object: 'Object Repository/Login Page/span_Login' is clicked on

23-02-2025T22:59:05 - [TEST_STEP][PASSED] - verifyElementPresent(findTestObject("Header/span_Profile"), 0): Object 'Object Repository/Header/span_Profile' is present

23-02-2025T22:59:05 - [MESSAGE][WARNING] - Timeout '0' is invalid. Using default page load timeout: '30'

23-02-2025T22:59:05 - [MESSAGE][PASSED] - Object 'Object Repository/Header/span_Profile' is present]]></system-out>
         <system-err><![CDATA[]]></system-err>
      </testcase>
      <testcase name="Test Cases/Blocks/Browser/Close Browser" time="0.164" classname="Test Cases/Blocks/Browser/Close Browser" status="PASSED">
         <system-out><![CDATA[23-02-2025T22:59:05 - [TEST_CASE][PASSED] - Test Cases/Blocks/Browser/Close Browser: Test Cases/Blocks/Browser/Close Browser

23-02-2025T22:59:05 - [TEST_STEP][PASSED] - closeBrowser(): Browser is closed

23-02-2025T22:59:05 - [MESSAGE][PASSED] - Browser is closed]]></system-out>
         <system-err><![CDATA[]]></system-err>
      </testcase>
      <system-out><![CDATA[23-02-2025T22:58:59 - [TEST_SUITE][PASSED] - Login Test Suite: Test Cases/Blocks/Browser/Close Browser]]></system-out>
      <system-err><![CDATA[]]></system-err>
   </testsuite>
</testsuites>
